<?xml version="1.0" encoding="UTF-8"?>
<!-- Generated by org.testng.reporters.JUnitXMLReporter -->
<testsuite hostname="LAPTOP-2A2K6UEC" ignored="0" name="Test" tests="4" failures="0" timestamp="2022-03-30T10:12:33 IST" time="60.89" errors="0">
  <testcase name="UserSearchValidation" time="4.204" classname="testCases.TC_UserSearch"/>
  <testcase name="AddJobTitleValidation" time="6.218" classname="testCases.TC_AddJobTitle"/>
  <testcase name="LoginLogOutValidation" time="2.13" classname="testCases.TC_LoginLogOut"/>
  <testcase name="PayGradeValidation" time="7.99" classname="testCases.TC_PayGrade"/>
</testsuite> <!-- Test -->
