<?xml version="1.0" encoding="UTF-8"?>
<testng-results skipped="0" failed="1" total="4" passed="3">
  <reporter-output>
  </reporter-output>
  <suite name="Suite" duration-ms="83402" started-at="2022-03-17T06:36:29Z" finished-at="2022-03-17T06:37:52Z">
    <groups>
    </groups>
    <test name="Test" duration-ms="83402" started-at="2022-03-17T06:36:29Z" finished-at="2022-03-17T06:37:52Z">
      <class name="testCases.TC_UserSearch">
        <test-method status="PASS" signature="beforeExecution()[pri:0, instance:testCases.TC_UserSearch@6e75aa0d]" name="beforeExecution" is-config="true" duration-ms="15279" started-at="2022-03-17T12:06:29Z" finished-at="2022-03-17T12:06:44Z">
          <reporter-output>
          </reporter-output>
        </test-method> <!-- beforeExecution -->
        <test-method status="PASS" signature="UserSearchValidation()[pri:0, instance:testCases.TC_UserSearch@6e75aa0d]" name="UserSearchValidation" duration-ms="3568" started-at="2022-03-17T12:06:44Z" finished-at="2022-03-17T12:06:48Z">
          <reporter-output>
          </reporter-output>
        </test-method> <!-- UserSearchValidation -->
        <test-method status="PASS" signature="afterExecution()[pri:0, instance:testCases.TC_UserSearch@6e75aa0d]" name="afterExecution" is-config="true" duration-ms="89" started-at="2022-03-17T12:06:48Z" finished-at="2022-03-17T12:06:48Z">
          <reporter-output>
          </reporter-output>
        </test-method> <!-- afterExecution -->
      </class> <!-- testCases.TC_UserSearch -->
      <class name="testCases.TC_DeleteJobTitle">
        <test-method status="PASS" signature="beforeExecution()[pri:0, instance:testCases.TC_DeleteJobTitle@71c8becc]" name="beforeExecution" is-config="true" duration-ms="14490" started-at="2022-03-17T12:07:12Z" finished-at="2022-03-17T12:07:26Z">
          <reporter-output>
          </reporter-output>
        </test-method> <!-- beforeExecution -->
        <test-method status="FAIL" signature="DeleteJobTitleValidation()[pri:0, instance:testCases.TC_DeleteJobTitle@71c8becc]" name="DeleteJobTitleValidation" duration-ms="9707" started-at="2022-03-17T12:07:26Z" finished-at="2022-03-17T12:07:36Z">
          <exception class="org.openqa.selenium.NoSuchElementException">
            <message>
              <![CDATA[no such element: Unable to locate element: {"method":"xpath","selector":"//input[@id='ohrmList_chkSelectRecord_1']"}
  (Session info: chrome=99.0.4844.74)
For documentation on this error, please visit: https://www.seleniumhq.org/exceptions/no_such_element.html
Build info: version: '3.141.59', revision: 'e82be7d358', time: '2018-11-14T08:17:03'
System info: host: 'LAPTOP-2A2K6UEC', ip: '192.168.198.186', os.name: 'Windows 10', os.arch: 'amd64', os.version: '10.0', java.version: '1.8.0_301'
Driver info: org.openqa.selenium.chrome.ChromeDriver
Capabilities {acceptInsecureCerts: false, browserName: chrome, browserVersion: 99.0.4844.74, chrome: {chromedriverVersion: 99.0.4844.51 (d537ec02474b5..., userDataDir: C:\Users\lipik\AppData\Loca...}, goog:chromeOptions: {debuggerAddress: localhost:52852}, javascriptEnabled: true, networkConnectionEnabled: false, pageLoadStrategy: normal, platform: WINDOWS, platformName: WINDOWS, proxy: Proxy(), setWindowRect: true, strictFileInteractability: false, timeouts: {implicit: 0, pageLoad: 300000, script: 30000}, unhandledPromptBehavior: dismiss and notify, webauthn:extension:credBlob: true, webauthn:extension:largeBlob: true, webauthn:virtualAuthenticators: true}
Session ID: 9f0e75a4dfd0450f4061c277e64ab47e
*** Element info: {Using=xpath, value=//input[@id='ohrmList_chkSelectRecord_1']}]]>
            </message>
            <full-stacktrace>
              <![CDATA[org.openqa.selenium.NoSuchElementException: no such element: Unable to locate element: {"method":"xpath","selector":"//input[@id='ohrmList_chkSelectRecord_1']"}
  (Session info: chrome=99.0.4844.74)
For documentation on this error, please visit: https://www.seleniumhq.org/exceptions/no_such_element.html
Build info: version: '3.141.59', revision: 'e82be7d358', time: '2018-11-14T08:17:03'
System info: host: 'LAPTOP-2A2K6UEC', ip: '192.168.198.186', os.name: 'Windows 10', os.arch: 'amd64', os.version: '10.0', java.version: '1.8.0_301'
Driver info: org.openqa.selenium.chrome.ChromeDriver
Capabilities {acceptInsecureCerts: false, browserName: chrome, browserVersion: 99.0.4844.74, chrome: {chromedriverVersion: 99.0.4844.51 (d537ec02474b5..., userDataDir: C:\Users\lipik\AppData\Loca...}, goog:chromeOptions: {debuggerAddress: localhost:52852}, javascriptEnabled: true, networkConnectionEnabled: false, pageLoadStrategy: normal, platform: WINDOWS, platformName: WINDOWS, proxy: Proxy(), setWindowRect: true, strictFileInteractability: false, timeouts: {implicit: 0, pageLoad: 300000, script: 30000}, unhandledPromptBehavior: dismiss and notify, webauthn:extension:credBlob: true, webauthn:extension:largeBlob: true, webauthn:virtualAuthenticators: true}
Session ID: 9f0e75a4dfd0450f4061c277e64ab47e
*** Element info: {Using=xpath, value=//input[@id='ohrmList_chkSelectRecord_1']}
	at sun.reflect.NativeConstructorAccessorImpl.newInstance0(Native Method)
	at sun.reflect.NativeConstructorAccessorImpl.newInstance(NativeConstructorAccessorImpl.java:62)
	at sun.reflect.DelegatingConstructorAccessorImpl.newInstance(DelegatingConstructorAccessorImpl.java:45)
	at java.lang.reflect.Constructor.newInstance(Constructor.java:423)
	at org.openqa.selenium.remote.http.W3CHttpResponseCodec.createException(W3CHttpResponseCodec.java:187)
	at org.openqa.selenium.remote.http.W3CHttpResponseCodec.decode(W3CHttpResponseCodec.java:122)
	at org.openqa.selenium.remote.http.W3CHttpResponseCodec.decode(W3CHttpResponseCodec.java:49)
	at org.openqa.selenium.remote.HttpCommandExecutor.execute(HttpCommandExecutor.java:158)
	at org.openqa.selenium.remote.service.DriverCommandExecutor.execute(DriverCommandExecutor.java:83)
	at org.openqa.selenium.remote.RemoteWebDriver.execute(RemoteWebDriver.java:552)
	at org.openqa.selenium.remote.RemoteWebDriver.findElement(RemoteWebDriver.java:323)
	at org.openqa.selenium.remote.RemoteWebDriver.findElementByXPath(RemoteWebDriver.java:428)
	at org.openqa.selenium.By$ByXPath.findElement(By.java:353)
	at org.openqa.selenium.remote.RemoteWebDriver.findElement(RemoteWebDriver.java:315)
	at pageObjects.admin.job.JobTitle.selectCheckBox(JobTitle.java:42)
	at testCases.TC_DeleteJobTitle.DeleteJobTitleValidation(TC_DeleteJobTitle.java:20)
	at sun.reflect.NativeMethodAccessorImpl.invoke0(Native Method)
	at sun.reflect.NativeMethodAccessorImpl.invoke(NativeMethodAccessorImpl.java:62)
	at sun.reflect.DelegatingMethodAccessorImpl.invoke(DelegatingMethodAccessorImpl.java:43)
	at java.lang.reflect.Method.invoke(Method.java:498)
	at org.testng.internal.MethodInvocationHelper.invokeMethod(MethodInvocationHelper.java:80)
	at org.testng.internal.Invoker.invokeMethod(Invoker.java:714)
	at org.testng.internal.Invoker.invokeTestMethod(Invoker.java:901)
	at org.testng.internal.Invoker.invokeTestMethods(Invoker.java:1231)
	at org.testng.internal.TestMethodWorker.invokeTestMethods(TestMethodWorker.java:127)
	at org.testng.internal.TestMethodWorker.run(TestMethodWorker.java:111)
	at org.testng.TestRunner.privateRun(TestRunner.java:767)
	at org.testng.TestRunner.run(TestRunner.java:617)
	at org.testng.SuiteRunner.runTest(SuiteRunner.java:334)
	at org.testng.SuiteRunner.runSequentially(SuiteRunner.java:329)
	at org.testng.SuiteRunner.privateRun(SuiteRunner.java:291)
	at org.testng.SuiteRunner.run(SuiteRunner.java:240)
	at org.testng.SuiteRunnerWorker.runSuite(SuiteRunnerWorker.java:52)
	at org.testng.SuiteRunnerWorker.run(SuiteRunnerWorker.java:86)
	at org.testng.TestNG.runSuitesSequentially(TestNG.java:1198)
	at org.testng.TestNG.runSuitesLocally(TestNG.java:1123)
	at org.testng.TestNG.run(TestNG.java:1031)
	at org.apache.maven.surefire.testng.TestNGExecutor.run(TestNGExecutor.java:284)
	at org.apache.maven.surefire.testng.TestNGXmlTestSuite.execute(TestNGXmlTestSuite.java:75)
	at org.apache.maven.surefire.testng.TestNGProvider.invoke(TestNGProvider.java:119)
	at org.apache.maven.surefire.booter.ForkedBooter.runSuitesInProcess(ForkedBooter.java:428)
	at org.apache.maven.surefire.booter.ForkedBooter.execute(ForkedBooter.java:162)
	at org.apache.maven.surefire.booter.ForkedBooter.run(ForkedBooter.java:562)
	at org.apache.maven.surefire.booter.ForkedBooter.main(ForkedBooter.java:548)
]]>
            </full-stacktrace>
          </exception> <!-- org.openqa.selenium.NoSuchElementException -->
          <reporter-output>
          </reporter-output>
        </test-method> <!-- DeleteJobTitleValidation -->
        <test-method status="PASS" signature="afterExecution()[pri:0, instance:testCases.TC_DeleteJobTitle@71c8becc]" name="afterExecution" is-config="true" duration-ms="77" started-at="2022-03-17T12:07:36Z" finished-at="2022-03-17T12:07:36Z">
          <reporter-output>
          </reporter-output>
        </test-method> <!-- afterExecution -->
      </class> <!-- testCases.TC_DeleteJobTitle -->
      <class name="testCases.TC_LoginLogOut">
        <test-method status="PASS" signature="beforeExecution()[pri:0, instance:testCases.TC_LoginLogOut@4387b79e]" name="beforeExecution" is-config="true" duration-ms="14382" started-at="2022-03-17T12:07:36Z" finished-at="2022-03-17T12:07:50Z">
          <reporter-output>
          </reporter-output>
        </test-method> <!-- beforeExecution -->
        <test-method status="PASS" signature="LoginLogOutValidation()[pri:0, instance:testCases.TC_LoginLogOut@4387b79e]" name="LoginLogOutValidation" duration-ms="1653" started-at="2022-03-17T12:07:50Z" finished-at="2022-03-17T12:07:52Z">
          <reporter-output>
          </reporter-output>
        </test-method> <!-- LoginLogOutValidation -->
        <test-method status="PASS" signature="afterExecution()[pri:0, instance:testCases.TC_LoginLogOut@4387b79e]" name="afterExecution" is-config="true" duration-ms="84" started-at="2022-03-17T12:07:52Z" finished-at="2022-03-17T12:07:52Z">
          <reporter-output>
          </reporter-output>
        </test-method> <!-- afterExecution -->
      </class> <!-- testCases.TC_LoginLogOut -->
      <class name="testCases.TC_AddJobTitle">
        <test-method status="PASS" signature="beforeExecution()[pri:0, instance:testCases.TC_AddJobTitle@7fc229ab]" name="beforeExecution" is-config="true" duration-ms="14841" started-at="2022-03-17T12:06:48Z" finished-at="2022-03-17T12:07:02Z">
          <reporter-output>
          </reporter-output>
        </test-method> <!-- beforeExecution -->
        <test-method status="PASS" signature="AddJobTitleValidation()[pri:0, instance:testCases.TC_AddJobTitle@7fc229ab]" name="AddJobTitleValidation" duration-ms="9123" started-at="2022-03-17T12:07:02Z" finished-at="2022-03-17T12:07:12Z">
          <reporter-output>
          </reporter-output>
        </test-method> <!-- AddJobTitleValidation -->
        <test-method status="PASS" signature="afterExecution()[pri:0, instance:testCases.TC_AddJobTitle@7fc229ab]" name="afterExecution" is-config="true" duration-ms="89" started-at="2022-03-17T12:07:12Z" finished-at="2022-03-17T12:07:12Z">
          <reporter-output>
          </reporter-output>
        </test-method> <!-- afterExecution -->
      </class> <!-- testCases.TC_AddJobTitle -->
    </test> <!-- Test -->
  </suite> <!-- Suite -->
</testng-results>
