<?xml version="1.0" encoding="UTF-8"?>
<testng-results skipped="0" failed="1" ignored="0" total="5" passed="4">
  <reporter-output>
  </reporter-output>
  <suite name="Suite" duration-ms="75253" started-at="2022-03-29T08:08:57 IST" finished-at="2022-03-29T08:10:13 IST">
    <groups>
    </groups>
    <test name="Test" duration-ms="75253" started-at="2022-03-29T08:08:57 IST" finished-at="2022-03-29T08:10:13 IST">
      <class name="testCases.TC_UserSearch">
        <test-method status="PASS" signature="openBrowser()[pri:0, instance:testCases.TC_UserSearch@37d31475]" name="openBrowser" is-config="true" duration-ms="9428" started-at="2022-03-29T08:08:57 IST" finished-at="2022-03-29T08:09:07 IST">
          <reporter-output>
          </reporter-output>
        </test-method> <!-- openBrowser -->
        <test-method status="PASS" signature="UserSearchValidation()[pri:0, instance:testCases.TC_UserSearch@37d31475]" name="UserSearchValidation" duration-ms="5018" started-at="2022-03-29T08:09:07 IST" finished-at="2022-03-29T08:09:12 IST">
          <reporter-output>
          </reporter-output>
        </test-method> <!-- UserSearchValidation -->
        <test-method status="PASS" signature="afterExecution()[pri:0, instance:testCases.TC_UserSearch@37d31475]" name="afterExecution" is-config="true" duration-ms="644" started-at="2022-03-29T08:09:12 IST" finished-at="2022-03-29T08:09:12 IST">
          <reporter-output>
          </reporter-output>
        </test-method> <!-- afterExecution -->
      </class> <!-- testCases.TC_UserSearch -->
      <class name="testCases.TC_PayGrade">
        <test-method status="PASS" signature="openBrowser()[pri:0, instance:testCases.TC_PayGrade@ed9d034]" name="openBrowser" is-config="true" duration-ms="8560" started-at="2022-03-29T08:09:58 IST" finished-at="2022-03-29T08:10:06 IST">
          <reporter-output>
          </reporter-output>
        </test-method> <!-- openBrowser -->
        <test-method status="PASS" signature="PayGradeValidation()[pri:0, instance:testCases.TC_PayGrade@ed9d034]" name="PayGradeValidation" duration-ms="5837" started-at="2022-03-29T08:10:06 IST" finished-at="2022-03-29T08:10:12 IST">
          <reporter-output>
          </reporter-output>
        </test-method> <!-- PayGradeValidation -->
        <test-method status="PASS" signature="afterExecution()[pri:0, instance:testCases.TC_PayGrade@ed9d034]" name="afterExecution" is-config="true" duration-ms="645" started-at="2022-03-29T08:10:12 IST" finished-at="2022-03-29T08:10:13 IST">
          <reporter-output>
          </reporter-output>
        </test-method> <!-- afterExecution -->
      </class> <!-- testCases.TC_PayGrade -->
      <class name="testCases.TC_DeleteJobTitle">
        <test-method status="PASS" signature="openBrowser()[pri:0, instance:testCases.TC_DeleteJobTitle@76a3e297]" name="openBrowser" is-config="true" duration-ms="8728" started-at="2022-03-29T08:09:29 IST" finished-at="2022-03-29T08:09:38 IST">
          <reporter-output>
          </reporter-output>
        </test-method> <!-- openBrowser -->
        <test-method status="FAIL" signature="DeleteJobTitleValidation()[pri:0, instance:testCases.TC_DeleteJobTitle@76a3e297]" name="DeleteJobTitleValidation" duration-ms="6690" started-at="2022-03-29T08:09:38 IST" finished-at="2022-03-29T08:09:45 IST">
          <exception class="org.openqa.selenium.NoAlertPresentException">
            <message>
              <![CDATA[no such alert
  (Session info: chrome=99.0.4844.84)
Build info: version: '3.141.59', revision: 'e82be7d358', time: '2018-11-14T08:17:03'
System info: host: 'LAPTOP-2A2K6UEC', ip: '192.168.0.103', os.name: 'Windows 10', os.arch: 'amd64', os.version: '10.0', java.version: '1.8.0_301'
Driver info: org.openqa.selenium.chrome.ChromeDriver
Capabilities {acceptInsecureCerts: false, browserName: chrome, browserVersion: 99.0.4844.84, chrome: {chromedriverVersion: 99.0.4844.51 (d537ec02474b5..., userDataDir: C:\Users\lipik\AppData\Loca...}, goog:chromeOptions: {debuggerAddress: localhost:57633}, javascriptEnabled: true, networkConnectionEnabled: false, pageLoadStrategy: normal, platform: WINDOWS, platformName: WINDOWS, proxy: Proxy(), setWindowRect: true, strictFileInteractability: false, timeouts: {implicit: 0, pageLoad: 300000, script: 30000}, unhandledPromptBehavior: dismiss and notify, webauthn:extension:credBlob: true, webauthn:extension:largeBlob: true, webauthn:virtualAuthenticators: true}
Session ID: db9d4460b316b6bd25020dae6e429aa7]]>
            </message>
            <full-stacktrace>
              <![CDATA[org.openqa.selenium.NoAlertPresentException: no such alert
  (Session info: chrome=99.0.4844.84)
Build info: version: '3.141.59', revision: 'e82be7d358', time: '2018-11-14T08:17:03'
System info: host: 'LAPTOP-2A2K6UEC', ip: '192.168.0.103', os.name: 'Windows 10', os.arch: 'amd64', os.version: '10.0', java.version: '1.8.0_301'
Driver info: org.openqa.selenium.chrome.ChromeDriver
Capabilities {acceptInsecureCerts: false, browserName: chrome, browserVersion: 99.0.4844.84, chrome: {chromedriverVersion: 99.0.4844.51 (d537ec02474b5..., userDataDir: C:\Users\lipik\AppData\Loca...}, goog:chromeOptions: {debuggerAddress: localhost:57633}, javascriptEnabled: true, networkConnectionEnabled: false, pageLoadStrategy: normal, platform: WINDOWS, platformName: WINDOWS, proxy: Proxy(), setWindowRect: true, strictFileInteractability: false, timeouts: {implicit: 0, pageLoad: 300000, script: 30000}, unhandledPromptBehavior: dismiss and notify, webauthn:extension:credBlob: true, webauthn:extension:largeBlob: true, webauthn:virtualAuthenticators: true}
Session ID: db9d4460b316b6bd25020dae6e429aa7
at sun.reflect.NativeConstructorAccessorImpl.newInstance0(Native Method)
at sun.reflect.NativeConstructorAccessorImpl.newInstance(NativeConstructorAccessorImpl.java:62)
at sun.reflect.DelegatingConstructorAccessorImpl.newInstance(DelegatingConstructorAccessorImpl.java:45)
at java.lang.reflect.Constructor.newInstance(Constructor.java:423)
at org.openqa.selenium.remote.http.W3CHttpResponseCodec.createException(W3CHttpResponseCodec.java:187)
at org.openqa.selenium.remote.http.W3CHttpResponseCodec.decode(W3CHttpResponseCodec.java:122)
at org.openqa.selenium.remote.http.W3CHttpResponseCodec.decode(W3CHttpResponseCodec.java:49)
at org.openqa.selenium.remote.HttpCommandExecutor.execute(HttpCommandExecutor.java:158)
at org.openqa.selenium.remote.service.DriverCommandExecutor.execute(DriverCommandExecutor.java:83)
at org.openqa.selenium.remote.RemoteWebDriver.execute(RemoteWebDriver.java:552)
at org.openqa.selenium.remote.RemoteWebDriver.execute(RemoteWebDriver.java:609)
at org.openqa.selenium.remote.RemoteWebDriver$RemoteTargetLocator.alert(RemoteWebDriver.java:932)
at testCases.TC_DeleteJobTitle.DeleteJobTitleValidation(TC_DeleteJobTitle.java:32)
at sun.reflect.NativeMethodAccessorImpl.invoke0(Native Method)
at sun.reflect.NativeMethodAccessorImpl.invoke(NativeMethodAccessorImpl.java:62)
at sun.reflect.DelegatingMethodAccessorImpl.invoke(DelegatingMethodAccessorImpl.java:43)
at java.lang.reflect.Method.invoke(Method.java:498)
at org.testng.internal.MethodInvocationHelper.invokeMethod(MethodInvocationHelper.java:133)
at org.testng.internal.TestInvoker.invokeMethod(TestInvoker.java:598)
at org.testng.internal.TestInvoker.invokeTestMethod(TestInvoker.java:173)
at org.testng.internal.MethodRunner.runInSequence(MethodRunner.java:46)
at org.testng.internal.TestInvoker$MethodInvocationAgent.invoke(TestInvoker.java:824)
at org.testng.internal.TestInvoker.invokeTestMethods(TestInvoker.java:146)
at org.testng.internal.TestMethodWorker.invokeTestMethods(TestMethodWorker.java:146)
at org.testng.internal.TestMethodWorker.run(TestMethodWorker.java:128)
at java.util.ArrayList.forEach(ArrayList.java:1259)
at org.testng.TestRunner.privateRun(TestRunner.java:794)
at org.testng.TestRunner.run(TestRunner.java:596)
at org.testng.SuiteRunner.runTest(SuiteRunner.java:377)
at org.testng.SuiteRunner.runSequentially(SuiteRunner.java:371)
at org.testng.SuiteRunner.privateRun(SuiteRunner.java:332)
at org.testng.SuiteRunner.run(SuiteRunner.java:276)
at org.testng.SuiteRunnerWorker.runSuite(SuiteRunnerWorker.java:53)
at org.testng.SuiteRunnerWorker.run(SuiteRunnerWorker.java:96)
at org.testng.TestNG.runSuitesSequentially(TestNG.java:1212)
at org.testng.TestNG.runSuitesLocally(TestNG.java:1134)
at org.testng.TestNG.runSuites(TestNG.java:1063)
at org.testng.TestNG.run(TestNG.java:1031)
at org.testng.remote.AbstractRemoteTestNG.run(AbstractRemoteTestNG.java:115)
at org.testng.remote.RemoteTestNG.initAndRun(RemoteTestNG.java:251)
at org.testng.remote.RemoteTestNG.main(RemoteTestNG.java:77)
]]>
            </full-stacktrace>
          </exception> <!-- org.openqa.selenium.NoAlertPresentException -->
          <reporter-output>
          </reporter-output>
        </test-method> <!-- DeleteJobTitleValidation -->
        <test-method status="PASS" signature="afterExecution()[pri:0, instance:testCases.TC_DeleteJobTitle@76a3e297]" name="afterExecution" is-config="true" duration-ms="1178" started-at="2022-03-29T08:09:45 IST" finished-at="2022-03-29T08:09:46 IST">
          <reporter-output>
          </reporter-output>
        </test-method> <!-- afterExecution -->
      </class> <!-- testCases.TC_DeleteJobTitle -->
      <class name="testCases.TC_LoginLogOut">
        <test-method status="PASS" signature="openBrowser()[pri:0, instance:testCases.TC_LoginLogOut@4d3167f4]" name="openBrowser" is-config="true" duration-ms="8720" started-at="2022-03-29T08:09:46 IST" finished-at="2022-03-29T08:09:55 IST">
          <reporter-output>
          </reporter-output>
        </test-method> <!-- openBrowser -->
        <test-method status="PASS" signature="LoginLogOutValidation()[pri:0, instance:testCases.TC_LoginLogOut@4d3167f4]" name="LoginLogOutValidation" duration-ms="2171" started-at="2022-03-29T08:09:55 IST" finished-at="2022-03-29T08:09:57 IST">
          <reporter-output>
          </reporter-output>
        </test-method> <!-- LoginLogOutValidation -->
        <test-method status="PASS" signature="afterExecution()[pri:0, instance:testCases.TC_LoginLogOut@4d3167f4]" name="afterExecution" is-config="true" duration-ms="632" started-at="2022-03-29T08:09:57 IST" finished-at="2022-03-29T08:09:58 IST">
          <reporter-output>
          </reporter-output>
        </test-method> <!-- afterExecution -->
      </class> <!-- testCases.TC_LoginLogOut -->
      <class name="testCases.TC_AddJobTitle">
        <test-method status="PASS" signature="openBrowser()[pri:0, instance:testCases.TC_AddJobTitle@3aeaafa6]" name="openBrowser" is-config="true" duration-ms="8873" started-at="2022-03-29T08:09:12 IST" finished-at="2022-03-29T08:09:21 IST">
          <reporter-output>
          </reporter-output>
        </test-method> <!-- openBrowser -->
        <test-method status="PASS" signature="AddJobTitleValidation()[pri:0, instance:testCases.TC_AddJobTitle@3aeaafa6]" name="AddJobTitleValidation" duration-ms="7412" started-at="2022-03-29T08:09:21 IST" finished-at="2022-03-29T08:09:29 IST">
          <reporter-output>
          </reporter-output>
        </test-method> <!-- AddJobTitleValidation -->
        <test-method status="PASS" signature="afterExecution()[pri:0, instance:testCases.TC_AddJobTitle@3aeaafa6]" name="afterExecution" is-config="true" duration-ms="667" started-at="2022-03-29T08:09:29 IST" finished-at="2022-03-29T08:09:29 IST">
          <reporter-output>
          </reporter-output>
        </test-method> <!-- afterExecution -->
      </class> <!-- testCases.TC_AddJobTitle -->
    </test> <!-- Test -->
  </suite> <!-- Suite -->
</testng-results>
