<?xml version="1.0" encoding="UTF-8"?>
<testng-results skipped="0" failed="0" ignored="0" total="4" passed="4">
  <reporter-output>
  </reporter-output>
  <suite name="Suite" duration-ms="60890" started-at="2022-03-30T10:11:32 IST" finished-at="2022-03-30T10:12:33 IST">
    <groups>
    </groups>
    <test name="Test" duration-ms="60890" started-at="2022-03-30T10:11:32 IST" finished-at="2022-03-30T10:12:33 IST">
      <class name="testCases.TC_UserSearch">
        <test-method status="PASS" signature="openBrowser()[pri:0, instance:testCases.TC_UserSearch@1a1d6a08]" name="openBrowser" is-config="true" duration-ms="10289" started-at="2022-03-30T10:11:32 IST" finished-at="2022-03-30T10:11:43 IST">
          <reporter-output>
          </reporter-output>
        </test-method> <!-- openBrowser -->
        <test-method status="PASS" signature="UserSearchValidation()[pri:0, instance:testCases.TC_UserSearch@1a1d6a08]" name="UserSearchValidation" duration-ms="4204" started-at="2022-03-30T10:11:43 IST" finished-at="2022-03-30T10:11:47 IST">
          <reporter-output>
          </reporter-output>
        </test-method> <!-- UserSearchValidation -->
        <test-method status="PASS" signature="afterExecution()[pri:0, instance:testCases.TC_UserSearch@1a1d6a08]" name="afterExecution" is-config="true" duration-ms="681" started-at="2022-03-30T10:11:47 IST" finished-at="2022-03-30T10:11:48 IST">
          <reporter-output>
          </reporter-output>
        </test-method> <!-- afterExecution -->
      </class> <!-- testCases.TC_UserSearch -->
      <class name="testCases.TC_PayGrade">
        <test-method status="PASS" signature="openBrowser()[pri:0, instance:testCases.TC_PayGrade@76a3e297]" name="openBrowser" is-config="true" duration-ms="8867" started-at="2022-03-30T10:12:16 IST" finished-at="2022-03-30T10:12:25 IST">
          <reporter-output>
          </reporter-output>
        </test-method> <!-- openBrowser -->
        <test-method status="PASS" signature="PayGradeValidation()[pri:0, instance:testCases.TC_PayGrade@76a3e297]" name="PayGradeValidation" duration-ms="7990" started-at="2022-03-30T10:12:25 IST" finished-at="2022-03-30T10:12:33 IST">
          <reporter-output>
          </reporter-output>
        </test-method> <!-- PayGradeValidation -->
        <test-method status="PASS" signature="afterExecution()[pri:0, instance:testCases.TC_PayGrade@76a3e297]" name="afterExecution" is-config="true" duration-ms="663" started-at="2022-03-30T10:12:33 IST" finished-at="2022-03-30T10:12:33 IST">
          <reporter-output>
          </reporter-output>
        </test-method> <!-- afterExecution -->
      </class> <!-- testCases.TC_PayGrade -->
      <class name="testCases.TC_LoginLogOut">
        <test-method status="PASS" signature="openBrowser()[pri:0, instance:testCases.TC_LoginLogOut@3aeaafa6]" name="openBrowser" is-config="true" duration-ms="9478" started-at="2022-03-30T10:12:04 IST" finished-at="2022-03-30T10:12:13 IST">
          <reporter-output>
          </reporter-output>
        </test-method> <!-- openBrowser -->
        <test-method status="PASS" signature="LoginLogOutValidation()[pri:0, instance:testCases.TC_LoginLogOut@3aeaafa6]" name="LoginLogOutValidation" duration-ms="2130" started-at="2022-03-30T10:12:13 IST" finished-at="2022-03-30T10:12:15 IST">
          <reporter-output>
          </reporter-output>
        </test-method> <!-- LoginLogOutValidation -->
        <test-method status="PASS" signature="afterExecution()[pri:0, instance:testCases.TC_LoginLogOut@3aeaafa6]" name="afterExecution" is-config="true" duration-ms="675" started-at="2022-03-30T10:12:15 IST" finished-at="2022-03-30T10:12:16 IST">
          <reporter-output>
          </reporter-output>
        </test-method> <!-- afterExecution -->
      </class> <!-- testCases.TC_LoginLogOut -->
      <class name="testCases.TC_AddJobTitle">
        <test-method status="PASS" signature="openBrowser()[pri:0, instance:testCases.TC_AddJobTitle@63440df3]" name="openBrowser" is-config="true" duration-ms="8958" started-at="2022-03-30T10:11:48 IST" finished-at="2022-03-30T10:11:57 IST">
          <reporter-output>
          </reporter-output>
        </test-method> <!-- openBrowser -->
        <test-method status="PASS" signature="AddJobTitleValidation()[pri:0, instance:testCases.TC_AddJobTitle@63440df3]" name="AddJobTitleValidation" duration-ms="6218" started-at="2022-03-30T10:11:57 IST" finished-at="2022-03-30T10:12:03 IST">
          <reporter-output>
          </reporter-output>
        </test-method> <!-- AddJobTitleValidation -->
        <test-method status="PASS" signature="afterExecution()[pri:0, instance:testCases.TC_AddJobTitle@63440df3]" name="afterExecution" is-config="true" duration-ms="692" started-at="2022-03-30T10:12:03 IST" finished-at="2022-03-30T10:12:04 IST">
          <reporter-output>
          </reporter-output>
        </test-method> <!-- afterExecution -->
      </class> <!-- testCases.TC_AddJobTitle -->
    </test> <!-- Test -->
  </suite> <!-- Suite -->
</testng-results>
